Bundling 6%
Bundling 11%
Bundling 17%
Bundling 28%
Bundling 65%
Bundling 71%
Bundling 76%
Bundling 81%
Bundling 87%
Bundling 92%
Bundling 98%
Bundling 100%
Bundling 100%
Bundling 100%
Getting composition
Composition          ComponentShowcase
Codec                h264
Output               out/series/collapse-ecosystems.mp4
Concurrency          2x
Rendered 0/1310
Rendered 1/1310, time remaining: 18m 30s
Rendered 2/1310, time remaining: 10m 31s
Rendered 3/1310, time remaining: 9m 44s
Rendered 4/1310, time remaining: 9m 1s
Rendered 5/1310, time remaining: 9m 5s
Rendered 6/1310, time remaining: 7m 39s
Rendered 7/1310, time remaining: 7m 32s
Rendered 8/1310, time remaining: 8m 22s
Rendered 9/1310, time remaining: 7m 31s
Rendered 10/1310, time remaining: 8m 43s
Rendered 11/1310, time remaining: 8m 17s
Rendered 12/1310, time remaining: 8m 36s
Rendered 13/1310, time remaining: 7m 57s
Rendered 14/1310, time remaining: 8m 24s
Rendered 15/1310, time remaining: 7m 53s
Rendered 16/1310, time remaining: 8m 22s
Rendered 17/1310, time remaining: 7m 54s
Rendered 18/1310, time remaining: 8m 6s
Rendered 19/1310, time remaining: 7m 55s
Rendered 20/1310, time remaining: 8m 22s
Rendered 21/1310, time remaining: 8m 1s
Rendered 22/1310, time remaining: 8m 11s
Rendered 23/1310, time remaining: 8m 8s
Rendered 24/1310, time remaining: 8m 27s
Rendered 25/1310, time remaining: 8m 7s
Rendered 26/1310, time remaining: 8m 26s
Rendered 27/1310, time remaining: 8m 8s
Rendered 28/1310, time remaining: 8m 21s
Rendered 29/1310, time remaining: 8m 5s
Rendered 30/1310, time remaining: 8m 2s
Rendered 31/1310, time remaining: 8m 12s
Rendered 32/1310, time remaining: 8m 10s
Rendered 33/1310, time remaining: 8m 29s
Rendered 34/1310, time remaining: 8m 15s
Rendered 35/1310, time remaining: 8m 18s
Rendered 36/1310, time remaining: 8m 19s
Rendered 37/1310, time remaining: 8m 23s
Rendered 38/1310, time remaining: 8m 15s
Rendered 39/1310, time remaining: 8m 21s
Rendered 40/1310, time remaining: 8m 18s
Rendered 41/1310, time remaining: 8m 24s
Rendered 42/1310, time remaining: 8m 21s
Rendered 43/1310, time remaining: 8m 32s
Rendered 44/1310, time remaining: 8m 29s
Rendered 45/1310, time remaining: 8m 23s
Rendered 46/1310, time remaining: 8m 32s
Rendered 47/1310, time remaining: 8m 22s
Rendered 48/1310, time remaining: 8m 27s
Rendered 49/1310, time remaining: 8m 20s
Rendered 50/1310, time remaining: 8m 17s
Rendered 51/1310, time remaining: 8m 30s
Rendered 52/1310, time remaining: 8m 21s
Rendered 53/1310, time remaining: 8m 27s
Rendered 54/1310, time remaining: 8m 18s
Rendered 55/1310, time remaining: 8m 17s
Rendered 56/1310, time remaining: 8m 21s
Rendered 57/1310, time remaining: 8m 12s
Rendered 58/1310, time remaining: 8m 13s
Rendered 59/1310, time remaining: 8m 7s
Rendered 60/1310, time remaining: 8m 8s
Rendered 61/1310, time remaining: 8m 5s
Rendered 62/1310, time remaining: 8m 2s
Rendered 63/1310, time remaining: 7m 56s
Rendered 64/1310, time remaining: 8m 1s
Rendered 65/1310, time remaining: 7m 54s
Rendered 66/1310, time remaining: 8m 0s
Rendered 67/1310, time remaining: 7m 53s
Rendered 68/1310, time remaining: 7m 54s
Rendered 69/1310, time remaining: 7m 49s
Rendered 70/1310, time remaining: 7m 50s
Rendered 71/1310, time remaining: 7m 47s
Rendered 72/1310, time remaining: 7m 43s
Rendered 73/1310, time remaining: 7m 42s
Rendered 74/1310, time remaining: 7m 37s
Rendered 75/1310, time remaining: 7m 41s
Rendered 76/1310, time remaining: 7m 35s
Rendered 77/1310, time remaining: 7m 39s
Rendered 78/1310, time remaining: 7m 36s
Rendered 79/1310, time remaining: 7m 32s
Rendered 80/1310, time remaining: 7m 30s
Rendered 81/1310, time remaining: 7m 31s
Rendered 82/1310, time remaining: 7m 27s
Rendered 83/1310, time remaining: 7m 28s
Rendered 84/1310, time remaining: 7m 24s
Rendered 85/1310, time remaining: 7m 26s
Rendered 86/1310, time remaining: 7m 23s
Rendered 87/1310, time remaining: 7m 20s
Rendered 88/1310, time remaining: 7m 18s
Rendered 89/1310, time remaining: 7m 18s
Rendered 90/1310, time remaining: 7m 13s
Rendered 91/1310, time remaining: 7m 16s
Rendered 92/1310, time remaining: 7m 11s
Rendered 93/1310, time remaining: 7m 12s
Rendered 94/1310, time remaining: 7m 11s
Rendered 95/1310, time remaining: 7m 9s
Rendered 96/1310, time remaining: 7m 13s
Rendered 97/1310, time remaining: 7m 8s
Rendered 98/1310, time remaining: 7m 16s
Rendered 99/1310, time remaining: 7m 11s
Rendered 100/1310, time remaining: 7m 11s
Rendered 101/1310, time remaining: 7m 9s
Rendered 102/1310, time remaining: 7m 9s
Rendered 103/1310, time remaining: 7m 6s
Rendered 104/1310, time remaining: 7m 10s
Rendered 105/1310, time remaining: 7m 6s
Rendered 106/1310, time remaining: 7m 7s
Rendered 107/1310, time remaining: 7m 5s
Rendered 108/1310, time remaining: 7m 2s
Rendered 109/1310, time remaining: 7m 4s
Rendered 110/1310, time remaining: 7m 1s
Rendered 111/1310, time remaining: 7m 5s
Rendered 112/1310, time remaining: 7m 2s
Rendered 113/1310, time remaining: 7m 2s
Rendered 114/1310, time remaining: 7m 0s
Rendered 115/1310, time remaining: 6m 58s
Rendered 116/1310, time remaining: 6m 59s
Rendered 117/1310, time remaining: 6m 57s
Rendered 118/1310, time remaining: 6m 57s
Rendered 119/1310, time remaining: 6m 57s
Rendered 120/1310, time remaining: 6m 59s
Rendered 121/1310, time remaining: 6m 57s
Rendered 122/1310, time remaining: 7m 1s
Rendered 123/1310, time remaining: 6m 58s
Rendered 124/1310, time remaining: 6m 59s
Rendered 125/1310, time remaining: 6m 57s
Rendered 126/1310, time remaining: 7m 0s
Rendered 127/1310, time remaining: 6m 57s
Rendered 128/1310, time remaining: 7m 0s
Rendered 129/1310, time remaining: 6m 57s
Rendered 130/1310, time remaining: 6m 58s
Rendered 131/1310, time remaining: 6m 55s
Rendered 132/1310, time remaining: 6m 58s
Rendered 133/1310, time remaining: 6m 55s
Rendered 134/1310, time remaining: 6m 56s
Rendered 135/1310, time remaining: 6m 53s
Rendered 136/1310, time remaining: 6m 55s
Rendered 137/1310, time remaining: 6m 52s
Rendered 138/1310, time remaining: 6m 54s
Rendered 139/1310, time remaining: 6m 51s
Rendered 140/1310, time remaining: 6m 52s
Rendered 141/1310, time remaining: 6m 50s
Rendered 142/1310, time remaining: 6m 48s
Rendered 143/1310, time remaining: 6m 48s
Rendered 144/1310, time remaining: 6m 48s
Rendered 145/1310, time remaining: 6m 46s
Rendered 146/1310, time remaining: 6m 46s
Rendered 147/1310, time remaining: 6m 47s
Rendered 148/1310, time remaining: 6m 45s
Rendered 149/1310, time remaining: 6m 45s
Rendered 150/1310, time remaining: 6m 43s
Rendered 151/1310, time remaining: 6m 42s
Rendered 152/1310, time remaining: 6m 45s
Rendered 153/1310, time remaining: 6m 42s
Rendered 154/1310, time remaining: 6m 44s
Rendered 155/1310, time remaining: 6m 41s
Rendered 156/1310, time remaining: 6m 45s
Rendered 157/1310, time remaining: 6m 44s
Rendered 158/1310, time remaining: 6m 39s
Rendered 159/1310, time remaining: 6m 42s
Rendered 160/1310, time remaining: 6m 35s
Rendered 161/1310, time remaining: 6m 36s
Rendered 162/1310, time remaining: 6m 35s
Rendered 163/1310, time remaining: 6m 36s
Rendered 164/1310, time remaining: 6m 33s
Rendered 165/1310, time remaining: 6m 34s
Rendered 166/1310, time remaining: 6m 31s
Rendered 167/1310, time remaining: 6m 31s
Rendered 168/1310, time remaining: 6m 28s
Rendered 169/1310, time remaining: 6m 31s
Rendered 170/1310, time remaining: 6m 25s
Rendered 171/1310, time remaining: 6m 29s
Rendered 172/1310, time remaining: 6m 26s
Rendered 173/1310, time remaining: 6m 27s
Rendered 174/1310, time remaining: 6m 21s
Rendered 175/1310, time remaining: 6m 23s
Rendered 176/1310, time remaining: 6m 22s
Rendered 177/1310, time remaining: 6m 22s
Rendered 178/1310, time remaining: 6m 20s
Rendered 179/1310, time remaining: 6m 22s
Rendered 180/1310, time remaining: 6m 21s
Rendered 181/1310, time remaining: 6m 20s
Rendered 182/1310, time remaining: 6m 18s
Rendered 183/1310, time remaining: 6m 13s
Rendered 184/1310, time remaining: 6m 16s
Rendered 185/1310, time remaining: 6m 13s
Rendered 186/1310, time remaining: 6m 11s
Rendered 187/1310, time remaining: 6m 10s
Rendered 188/1310, time remaining: 6m 10s
Rendered 189/1310, time remaining: 6m 9s
Rendered 190/1310, time remaining: 6m 7s
Rendered 191/1310, time remaining: 6m 6s
Rendered 192/1310, time remaining: 6m 4s
Rendered 193/1310, time remaining: 6m 1s
Rendered 194/1310, time remaining: 6m 0s
Rendered 195/1310, time remaining: 6m 0s
Rendered 196/1310, time remaining: 5m 58s
Rendered 197/1310, time remaining: 5m 59s
Rendered 198/1310, time remaining: 5m 57s
Rendered 199/1310, time remaining: 5m 56s
Rendered 200/1310, time remaining: 5m 58s
Rendered 201/1310, time remaining: 5m 51s
Rendered 202/1310, time remaining: 5m 56s
Rendered 203/1310, time remaining: 5m 51s
Rendered 204/1310, time remaining: 5m 55s
Rendered 205/1310, time remaining: 5m 53s
Rendered 206/1310, time remaining: 5m 53s
Rendered 207/1310, time remaining: 5m 53s
Rendered 208/1310, time remaining: 5m 51s
Rendered 209/1310, time remaining: 5m 55s
Rendered 210/1310, time remaining: 5m 51s
Rendered 211/1310, time remaining: 5m 53s
Rendered 212/1310, time remaining: 5m 51s
Rendered 213/1310, time remaining: 5m 53s
Rendered 214/1310, time remaining: 5m 49s
Rendered 215/1310, time remaining: 5m 52s
Rendered 216/1310, time remaining: 5m 48s
Rendered 217/1310, time remaining: 5m 49s
Rendered 218/1310, time remaining: 5m 51s
Rendered 219/1310, time remaining: 5m 50s
Rendered 220/1310, time remaining: 5m 49s
Rendered 221/1310, time remaining: 5m 49s
Rendered 222/1310, time remaining: 5m 49s
Rendered 223/1310, time remaining: 5m 49s
Rendered 224/1310, time remaining: 5m 49s
Rendered 225/1310, time remaining: 5m 46s
Rendered 226/1310, time remaining: 5m 47s
Rendered 227/1310, time remaining: 5m 47s
Rendered 228/1310, time remaining: 5m 45s
Rendered 229/1310, time remaining: 5m 49s
Rendered 230/1310, time remaining: 5m 47s
Rendered 231/1310, time remaining: 5m 49s
Rendered 232/1310, time remaining: 5m 48s
Rendered 233/1310, time remaining: 5m 48s
Rendered 234/1310, time remaining: 5m 49s
Rendered 235/1310, time remaining: 5m 46s
Rendered 236/1310, time remaining: 5m 46s
Rendered 237/1310, time remaining: 5m 48s
Rendered 238/1310, time remaining: 5m 47s
Rendered 239/1310, time remaining: 5m 47s
Rendered 240/1310, time remaining: 5m 47s
Rendered 241/1310, time remaining: 5m 47s
Rendered 242/1310, time remaining: 5m 47s
Rendered 243/1310, time remaining: 5m 47s
Rendered 244/1310, time remaining: 5m 45s
Rendered 245/1310, time remaining: 5m 49s
Rendered 246/1310, time remaining: 5m 45s
Rendered 247/1310, time remaining: 5m 49s
Rendered 248/1310, time remaining: 5m 43s
Rendered 249/1310, time remaining: 5m 47s
Rendered 250/1310, time remaining: 5m 44s
Rendered 251/1310, time remaining: 5m 47s
Rendered 252/1310, time remaining: 5m 45s
Rendered 253/1310, time remaining: 5m 49s
Rendered 254/1310, time remaining: 5m 45s
Rendered 255/1310, time remaining: 5m 50s
Rendered 256/1310, time remaining: 5m 47s
Rendered 257/1310, time remaining: 5m 50s
Rendered 258/1310, time remaining: 5m 49s
Rendered 259/1310, time remaining: 5m 50s
Rendered 260/1310, time remaining: 5m 50s
Rendered 261/1310, time remaining: 5m 49s
Rendered 262/1310, time remaining: 5m 49s
Rendered 263/1310, time remaining: 5m 49s
Rendered 264/1310, time remaining: 5m 49s
Rendered 265/1310, time remaining: 5m 50s
Rendered 266/1310, time remaining: 5m 50s
Rendered 267/1310, time remaining: 5m 50s
Rendered 268/1310, time remaining: 5m 53s
Rendered 269/1310, time remaining: 5m 50s
Rendered 270/1310, time remaining: 5m 51s
Rendered 271/1310, time remaining: 5m 49s
Rendered 272/1310, time remaining: 5m 49s
Rendered 273/1310, time remaining: 5m 48s
Rendered 274/1310, time remaining: 5m 48s
Rendered 275/1310, time remaining: 5m 48s
Rendered 276/1310, time remaining: 5m 44s
Rendered 277/1310, time remaining: 5m 46s
Rendered 278/1310, time remaining: 5m 43s
Rendered 279/1310, time remaining: 5m 43s
Rendered 280/1310, time remaining: 5m 41s
Rendered 281/1310, time remaining: 5m 45s
Rendered 282/1310, time remaining: 5m 40s
Rendered 283/1310, time remaining: 5m 44s
Rendered 284/1310, time remaining: 5m 40s
Rendered 285/1310, time remaining: 5m 45s
Rendered 286/1310, time remaining: 5m 41s
Rendered 287/1310, time remaining: 5m 45s
Rendered 288/1310, time remaining: 5m 41s
Rendered 289/1310, time remaining: 5m 42s
Rendered 290/1310, time remaining: 5m 43s
Rendered 291/1310, time remaining: 5m 41s
Rendered 292/1310, time remaining: 5m 44s
Rendered 293/1310, time remaining: 5m 42s
Rendered 294/1310, time remaining: 5m 43s
Rendered 295/1310, time remaining: 5m 42s
Rendered 296/1310, time remaining: 5m 43s
Rendered 297/1310, time remaining: 5m 40s
Rendered 298/1310, time remaining: 5m 46s
Rendered 299/1310, time remaining: 5m 43s
Rendered 300/1310, time remaining: 5m 46s
Rendered 301/1310, time remaining: 5m 42s
Rendered 302/1310, time remaining: 5m 44s
Rendered 303/1310, time remaining: 5m 44s
Rendered 304/1310, time remaining: 5m 43s
Rendered 305/1310, time remaining: 5m 43s
Rendered 306/1310, time remaining: 5m 53s
Rendered 307/1310, time remaining: 5m 52s
Rendered 308/1310, time remaining: 5m 55s
Rendered 309/1310, time remaining: 5m 54s
Rendered 310/1310, time remaining: 5m 56s
Rendered 311/1310, time remaining: 5m 54s
Rendered 312/1310, time remaining: 5m 54s
Rendered 313/1310, time remaining: 5m 56s
Rendered 314/1310, time remaining: 5m 56s
Rendered 315/1310, time remaining: 5m 58s
Rendered 316/1310, time remaining: 5m 56s
Rendered 317/1310, time remaining: 5m 58s
Rendered 318/1310, time remaining: 5m 59s
Rendered 319/1310, time remaining: 5m 54s
Rendered 320/1310, time remaining: 5m 58s
Rendered 321/1310, time remaining: 5m 54s
Rendered 322/1310, time remaining: 5m 57s
Rendered 323/1310, time remaining: 5m 53s
Rendered 324/1310, time remaining: 5m 56s
Rendered 325/1310, time remaining: 5m 56s
Rendered 326/1310, time remaining: 5m 53s
Rendered 327/1310, time remaining: 5m 57s
Rendered 328/1310, time remaining: 5m 54s
Rendered 329/1310, time remaining: 5m 54s
Rendered 330/1310, time remaining: 5m 54s
Rendered 331/1310, time remaining: 5m 54s
Rendered 332/1310, time remaining: 5m 52s
Rendered 333/1310, time remaining: 5m 53s
Rendered 334/1310, time remaining: 5m 52s
Rendered 335/1310, time remaining: 5m 52s
Rendered 336/1310, time remaining: 5m 53s
Rendered 337/1310, time remaining: 5m 52s
Rendered 338/1310, time remaining: 5m 53s
Rendered 339/1310, time remaining: 5m 54s
Rendered 340/1310, time remaining: 5m 54s
Rendered 341/1310, time remaining: 5m 53s
Rendered 342/1310, time remaining: 5m 54s
Rendered 343/1310, time remaining: 5m 53s
Rendered 344/1310, time remaining: 5m 53s
Rendered 345/1310, time remaining: 5m 54s
Rendered 346/1310, time remaining: 5m 51s
Rendered 347/1310, time remaining: 5m 53s
Rendered 348/1310, time remaining: 5m 52s
Rendered 349/1310, time remaining: 5m 54s
Rendered 350/1310, time remaining: 5m 50s
Rendered 351/1310, time remaining: 5m 53s
Rendered 352/1310, time remaining: 5m 49s
Rendered 353/1310, time remaining: 5m 53s
Rendered 354/1310, time remaining: 5m 50s
Rendered 355/1310, time remaining: 5m 54s
Rendered 356/1310, time remaining: 5m 49s
Rendered 357/1310, time remaining: 5m 53s
Rendered 358/1310, time remaining: 5m 52s
Rendered 359/1310, time remaining: 5m 50s
Rendered 360/1310, time remaining: 5m 53s
Rendered 361/1310, time remaining: 5m 50s
Rendered 362/1310, time remaining: 5m 54s
Rendered 363/1310, time remaining: 5m 51s
Rendered 364/1310, time remaining: 5m 54s
Rendered 365/1310, time remaining: 5m 51s
Rendered 366/1310, time remaining: 5m 54s
Rendered 367/1310, time remaining: 5m 52s
Rendered 368/1310, time remaining: 5m 51s
Rendered 369/1310, time remaining: 5m 51s
Rendered 370/1310, time remaining: 5m 53s
Rendered 371/1310, time remaining: 5m 52s
Rendered 372/1310, time remaining: 5m 53s
Rendered 373/1310, time remaining: 5m 52s
Rendered 374/1310, time remaining: 5m 53s
Rendered 375/1310, time remaining: 5m 51s
Rendered 376/1310, time remaining: 5m 53s
Rendered 377/1310, time remaining: 5m 51s
Rendered 378/1310, time remaining: 5m 55s
Rendered 379/1310, time remaining: 5m 50s
Rendered 380/1310, time remaining: 5m 52s
Rendered 381/1310, time remaining: 5m 49s
Rendered 382/1310, time remaining: 5m 51s
Rendered 383/1310, time remaining: 5m 50s
Rendered 384/1310, time remaining: 5m 49s
Rendered 385/1310, time remaining: 5m 52s
Rendered 386/1310, time remaining: 5m 51s
Rendered 387/1310, time remaining: 5m 51s
Rendered 388/1310, time remaining: 5m 51s
Rendered 389/1310, time remaining: 5m 52s
Rendered 390/1310, time remaining: 5m 51s
Rendered 391/1310, time remaining: 5m 53s
Rendered 392/1310, time remaining: 5m 52s
Rendered 393/1310, time remaining: 5m 53s
Rendered 394/1310, time remaining: 5m 52s
Rendered 395/1310, time remaining: 5m 51s
Rendered 396/1310, time remaining: 5m 51s
Rendered 397/1310, time remaining: 5m 49s
Rendered 398/1310, time remaining: 5m 52s
Rendered 399/1310, time remaining: 5m 47s
Rendered 400/1310, time remaining: 5m 49s
Rendered 401/1310, time remaining: 5m 46s
Rendered 402/1310, time remaining: 5m 47s
Rendered 403/1310, time remaining: 5m 44s
Rendered 404/1310, time remaining: 5m 46s
Rendered 405/1310, time remaining: 5m 42s
Rendered 406/1310, time remaining: 5m 44s
Rendered 407/1310, time remaining: 5m 41s
Rendered 408/1310, time remaining: 5m 42s
Rendered 409/1310, time remaining: 5m 40s
Rendered 410/1310, time remaining: 5m 41s
Rendered 411/1310, time remaining: 5m 39s
Rendered 412/1310, time remaining: 5m 40s
Rendered 413/1310, time remaining: 5m 40s
Rendered 414/1310, time remaining: 5m 41s
Rendered 415/1310, time remaining: 5m 41s
Rendered 416/1310, time remaining: 5m 41s
Rendered 417/1310, time remaining: 5m 40s
Rendered 418/1310, time remaining: 5m 36s
Rendered 419/1310, time remaining: 5m 39s
Rendered 420/1310, time remaining: 5m 35s
Rendered 421/1310, time remaining: 5m 39s
Rendered 422/1310, time remaining: 5m 35s
Rendered 423/1310, time remaining: 5m 36s
Rendered 424/1310, time remaining: 5m 36s
Rendered 425/1310, time remaining: 5m 35s
Rendered 426/1310, time remaining: 5m 35s
Rendered 427/1310, time remaining: 5m 36s
Rendered 428/1310, time remaining: 5m 34s
Rendered 429/1310, time remaining: 5m 36s
Rendered 430/1310, time remaining: 5m 36s
Rendered 431/1310, time remaining: 5m 34s
Rendered 432/1310, time remaining: 5m 35s
Rendered 433/1310, time remaining: 5m 34s
Rendered 434/1310, time remaining: 5m 33s
Rendered 435/1310, time remaining: 5m 32s
Rendered 436/1310, time remaining: 5m 33s
Rendered 437/1310, time remaining: 5m 31s
Rendered 438/1310, time remaining: 5m 33s
Rendered 439/1310, time remaining: 5m 32s
Rendered 440/1310, time remaining: 5m 31s
Rendered 441/1310, time remaining: 5m 31s
Rendered 442/1310, time remaining: 5m 29s
Rendered 443/1310, time remaining: 5m 30s
Rendered 444/1310, time remaining: 5m 27s
Rendered 445/1310, time remaining: 5m 29s
Rendered 446/1310, time remaining: 5m 28s
Rendered 447/1310, time remaining: 5m 28s
Rendered 448/1310, time remaining: 5m 24s
Rendered 449/1310, time remaining: 5m 25s
Rendered 450/1310, time remaining: 5m 23s
Rendered 451/1310, time remaining: 5m 24s
Rendered 452/1310, time remaining: 5m 20s
Rendered 453/1310, time remaining: 5m 21s
Rendered 454/1310, time remaining: 5m 19s
Rendered 455/1310, time remaining: 5m 20s
Rendered 456/1310, time remaining: 5m 10s
Rendered 457/1310, time remaining: 5m 12s
Rendered 458/1310, time remaining: 5m 8s
Rendered 459/1310, time remaining: 5m 9s
Rendered 460/1310, time remaining: 5m 7s
Rendered 461/1310, time remaining: 5m 8s
Rendered 462/1310, time remaining: 5m 6s
Rendered 463/1310, time remaining: 5m 7s
Rendered 464/1310, time remaining: 5m 5s
Rendered 465/1310, time remaining: 5m 4s
Rendered 466/1310, time remaining: 5m 5s
Rendered 467/1310, time remaining: 5m 4s
Rendered 468/1310, time remaining: 5m 2s
Rendered 469/1310, time remaining: 5m 3s
Rendered 470/1310, time remaining: 5m 3s
Rendered 471/1310, time remaining: 5m 2s
Rendered 472/1310, time remaining: 5m 2s
Rendered 473/1310, time remaining: 5m 1s
Rendered 474/1310, time remaining: 5m 6s
Rendered 475/1310, time remaining: 5m 4s
Rendered 476/1310, time remaining: 5m 5s
Rendered 477/1310, time remaining: 5m 1s
Rendered 478/1310, time remaining: 5m 4s
Rendered 479/1310, time remaining: 5m 1s
Rendered 480/1310, time remaining: 5m 3s
Rendered 481/1310, time remaining: 4m 59s
Rendered 482/1310, time remaining: 5m 2s
Rendered 483/1310, time remaining: 5m 0s
Rendered 484/1310, time remaining: 5m 0s
Rendered 485/1310, time remaining: 4m 59s
Rendered 486/1310, time remaining: 4m 58s
Rendered 487/1310, time remaining: 4m 58s
Rendered 488/1310, time remaining: 4m 57s
Rendered 489/1310, time remaining: 4m 55s
Rendered 490/1310, time remaining: 4m 56s
Rendered 491/1310, time remaining: 4m 55s
Rendered 492/1310, time remaining: 4m 54s
Rendered 493/1310, time remaining: 4m 53s
Rendered 494/1310, time remaining: 4m 53s
Rendered 495/1310, time remaining: 4m 54s
Rendered 496/1310, time remaining: 4m 53s
Rendered 497/1310, time remaining: 4m 53s
Rendered 498/1310, time remaining: 4m 52s
Rendered 499/1310, time remaining: 4m 52s
Rendered 500/1310, time remaining: 4m 52s
Rendered 501/1310, time remaining: 4m 52s
Rendered 502/1310, time remaining: 4m 51s
Rendered 503/1310, time remaining: 4m 50s
Rendered 504/1310, time remaining: 4m 49s
Rendered 505/1310, time remaining: 4m 48s
Rendered 506/1310, time remaining: 4m 49s
Rendered 507/1310, time remaining: 4m 46s
Rendered 508/1310, time remaining: 4m 48s
Rendered 509/1310, time remaining: 4m 46s
Rendered 510/1310, time remaining: 4m 45s
Rendered 511/1310, time remaining: 4m 46s
Rendered 512/1310, time remaining: 4m 43s
Rendered 513/1310, time remaining: 4m 44s
Rendered 514/1310, time remaining: 4m 43s
Rendered 515/1310, time remaining: 4m 44s
Rendered 516/1310, time remaining: 4m 42s
Rendered 517/1310, time remaining: 4m 43s
Rendered 518/1310, time remaining: 4m 41s
Rendered 519/1310, time remaining: 4m 44s
Rendered 520/1310, time remaining: 4m 39s
Rendered 521/1310, time remaining: 4m 43s
Rendered 522/1310, time remaining: 4m 41s
Rendered 523/1310, time remaining: 4m 42s
Rendered 524/1310, time remaining: 4m 40s
Rendered 525/1310, time remaining: 4m 42s
Rendered 526/1310, time remaining: 4m 39s
Rendered 527/1310, time remaining: 4m 40s
Rendered 528/1310, time remaining: 4m 38s
Rendered 529/1310, time remaining: 4m 39s
Rendered 530/1310, time remaining: 4m 39s
Rendered 531/1310, time remaining: 4m 41s
Rendered 532/1310, time remaining: 4m 38s
Rendered 533/1310, time remaining: 4m 39s
Rendered 534/1310, time remaining: 4m 38s
Rendered 535/1310, time remaining: 4m 39s
Rendered 536/1310, time remaining: 4m 38s
Rendered 537/1310, time remaining: 4m 38s
Rendered 538/1310, time remaining: 4m 37s
Rendered 539/1310, time remaining: 4m 35s
Rendered 540/1310, time remaining: 4m 38s
Rendered 541/1310, time remaining: 4m 33s
Rendered 542/1310, time remaining: 4m 35s
Rendered 543/1310, time remaining: 4m 32s
Rendered 544/1310, time remaining: 4m 33s
Rendered 545/1310, time remaining: 4m 30s
Rendered 546/1310, time remaining: 4m 32s
Rendered 547/1310, time remaining: 4m 30s
Rendered 548/1310, time remaining: 4m 30s
Rendered 549/1310, time remaining: 4m 30s
Rendered 550/1310, time remaining: 4m 29s
Rendered 551/1310, time remaining: 4m 29s
Rendered 552/1310, time remaining: 4m 28s
Rendered 553/1310, time remaining: 4m 30s
Rendered 554/1310, time remaining: 4m 27s
Rendered 555/1310, time remaining: 4m 29s
Rendered 556/1310, time remaining: 4m 27s
Rendered 557/1310, time remaining: 4m 27s
Rendered 558/1310, time remaining: 4m 27s
Rendered 559/1310, time remaining: 4m 27s
Rendered 560/1310, time remaining: 4m 25s
Rendered 561/1310, time remaining: 4m 24s
Rendered 562/1310, time remaining: 4m 25s
Rendered 563/1310, time remaining: 4m 23s
Rendered 564/1310, time remaining: 4m 24s
Rendered 565/1310, time remaining: 4m 23s
Rendered 566/1310, time remaining: 4m 22s
Rendered 567/1310, time remaining: 4m 24s
Rendered 568/1310, time remaining: 4m 24s
Rendered 569/1310, time remaining: 4m 23s
Rendered 570/1310, time remaining: 4m 23s
Rendered 571/1310, time remaining: 4m 22s
Rendered 572/1310, time remaining: 4m 25s
Rendered 573/1310, time remaining: 4m 24s
Rendered 574/1310, time remaining: 4m 23s
Rendered 575/1310, time remaining: 4m 24s
Rendered 576/1310, time remaining: 4m 25s
Rendered 577/1310, time remaining: 4m 23s
Rendered 578/1310, time remaining: 4m 25s
Rendered 579/1310, time remaining: 4m 23s
Rendered 580/1310, time remaining: 4m 23s
Rendered 581/1310, time remaining: 4m 23s
Rendered 582/1310, time remaining: 4m 22s
Rendered 583/1310, time remaining: 4m 23s
Rendered 584/1310, time remaining: 4m 22s
Rendered 585/1310, time remaining: 4m 23s
Rendered 586/1310, time remaining: 4m 21s
Rendered 587/1310, time remaining: 4m 21s
Rendered 588/1310, time remaining: 4m 20s
Rendered 589/1310, time remaining: 4m 20s
Rendered 590/1310, time remaining: 4m 20s
Rendered 591/1310, time remaining: 4m 21s
Rendered 592/1310, time remaining: 4m 20s
Rendered 593/1310, time remaining: 4m 21s
Rendered 594/1310, time remaining: 4m 20s
Rendered 595/1310, time remaining: 4m 21s
Rendered 596/1310, time remaining: 4m 19s
Rendered 597/1310, time remaining: 4m 20s
Rendered 598/1310, time remaining: 4m 19s
Rendered 599/1310, time remaining: 4m 19s
Rendered 600/1310, time remaining: 4m 19s
Rendered 601/1310, time remaining: 4m 18s
Rendered 602/1310, time remaining: 4m 19s
Rendered 603/1310, time remaining: 4m 19s
Rendered 604/1310, time remaining: 4m 18s
Rendered 605/1310, time remaining: 4m 18s
Rendered 606/1310, time remaining: 4m 19s
Rendered 607/1310, time remaining: 4m 17s
Rendered 608/1310, time remaining: 4m 18s
Rendered 609/1310, time remaining: 4m 18s
Rendered 610/1310, time remaining: 4m 18s
Rendered 611/1310, time remaining: 4m 17s
Rendered 612/1310, time remaining: 4m 18s
Rendered 613/1310, time remaining: 4m 16s
Rendered 614/1310, time remaining: 4m 20s
Rendered 615/1310, time remaining: 4m 18s
Rendered 616/1310, time remaining: 4m 21s
Rendered 617/1310, time remaining: 4m 19s
Rendered 618/1310, time remaining: 4m 20s
Rendered 619/1310, time remaining: 4m 20s
Rendered 620/1310, time remaining: 4m 21s
Rendered 621/1310, time remaining: 4m 20s
Rendered 622/1310, time remaining: 4m 20s
Rendered 623/1310, time remaining: 4m 20s
Rendered 624/1310, time remaining: 4m 16s
Rendered 625/1310, time remaining: 4m 18s
Rendered 626/1310, time remaining: 4m 16s
Rendered 627/1310, time remaining: 4m 17s
Rendered 628/1310, time remaining: 4m 17s
Rendered 629/1310, time remaining: 4m 17s
Rendered 630/1310, time remaining: 4m 16s
Rendered 631/1310, time remaining: 4m 18s
Rendered 632/1310, time remaining: 4m 15s
Rendered 633/1310, time remaining: 4m 19s
Rendered 634/1310, time remaining: 4m 16s
Rendered 635/1310, time remaining: 4m 17s
Rendered 636/1310, time remaining: 4m 16s
Rendered 637/1310, time remaining: 4m 18s
Rendered 638/1310, time remaining: 4m 17s
Rendered 639/1310, time remaining: 4m 18s
Rendered 640/1310, time remaining: 4m 17s
Rendered 641/1310, time remaining: 4m 17s
Rendered 642/1310, time remaining: 4m 18s
Rendered 643/1310, time remaining: 4m 16s
Rendered 644/1310, time remaining: 4m 18s
Rendered 645/1310, time remaining: 4m 15s
Rendered 646/1310, time remaining: 4m 18s
Rendered 647/1310, time remaining: 4m 16s
Rendered 648/1310, time remaining: 4m 18s
Rendered 649/1310, time remaining: 4m 15s
Rendered 650/1310, time remaining: 4m 16s
Rendered 651/1310, time remaining: 4m 15s
Rendered 652/1310, time remaining: 4m 15s
Rendered 653/1310, time remaining: 4m 14s
Rendered 654/1310, time remaining: 4m 15s
Rendered 655/1310, time remaining: 4m 16s
Rendered 656/1310, time remaining: 4m 14s
Rendered 657/1310, time remaining: 4m 15s
Rendered 658/1310, time remaining: 4m 12s
Rendered 659/1310, time remaining: 4m 14s
Rendered 660/1310, time remaining: 4m 14s
Rendered 661/1310, time remaining: 4m 13s
Rendered 662/1310, time remaining: 4m 14s
Rendered 663/1310, time remaining: 4m 13s
Rendered 664/1310, time remaining: 4m 14s
Rendered 665/1310, time remaining: 4m 12s
Rendered 666/1310, time remaining: 4m 12s
Rendered 667/1310, time remaining: 4m 11s
Rendered 668/1310, time remaining: 4m 13s
Rendered 669/1310, time remaining: 4m 12s
Rendered 670/1310, time remaining: 4m 12s
Rendered 671/1310, time remaining: 4m 11s
Rendered 672/1310, time remaining: 4m 12s
Rendered 673/1310, time remaining: 4m 10s
Rendered 674/1310, time remaining: 4m 13s
Rendered 675/1310, time remaining: 4m 10s
Rendered 676/1310, time remaining: 4m 11s
Rendered 677/1310, time remaining: 4m 12s
Rendered 678/1310, time remaining: 4m 11s
Rendered 679/1310, time remaining: 4m 11s
Rendered 680/1310, time remaining: 4m 10s
Rendered 681/1310, time remaining: 4m 9s
Rendered 682/1310, time remaining: 4m 9s
Rendered 683/1310, time remaining: 4m 9s
Rendered 684/1310, time remaining: 4m 9s
Rendered 685/1310, time remaining: 4m 6s
Rendered 686/1310, time remaining: 4m 7s
Rendered 687/1310, time remaining: 4m 8s
Rendered 688/1310, time remaining: 4m 7s
Rendered 689/1310, time remaining: 4m 7s
Rendered 690/1310, time remaining: 4m 5s
Rendered 691/1310, time remaining: 4m 6s
Rendered 692/1310, time remaining: 4m 5s
Rendered 693/1310, time remaining: 4m 5s
Rendered 694/1310, time remaining: 4m 5s
Rendered 695/1310, time remaining: 4m 6s
Rendered 696/1310, time remaining: 4m 6s
Rendered 697/1310, time remaining: 4m 7s
Rendered 698/1310, time remaining: 4m 5s
Rendered 699/1310, time remaining: 4m 5s
Rendered 700/1310, time remaining: 4m 6s
Rendered 701/1310, time remaining: 4m 5s
Rendered 702/1310, time remaining: 4m 5s
Rendered 703/1310, time remaining: 4m 3s
Rendered 704/1310, time remaining: 4m 5s
Rendered 705/1310, time remaining: 4m 3s
Rendered 706/1310, time remaining: 4m 5s
Rendered 707/1310, time remaining: 4m 3s
Rendered 708/1310, time remaining: 4m 5s
Rendered 709/1310, time remaining: 4m 2s
Rendered 710/1310, time remaining: 4m 5s
Rendered 711/1310, time remaining: 4m 3s
Rendered 712/1310, time remaining: 4m 4s
Rendered 713/1310, time remaining: 4m 3s
Rendered 714/1310, time remaining: 4m 2s
Rendered 715/1310, time remaining: 4m 2s
Rendered 716/1310, time remaining: 4m 0s
Rendered 717/1310, time remaining: 4m 1s
Rendered 718/1310, time remaining: 3m 58s
Rendered 719/1310, time remaining: 3m 58s
Rendered 720/1310, time remaining: 3m 59s
Rendered 721/1310, time remaining: 3m 57s
Rendered 722/1310, time remaining: 3m 56s
Rendered 723/1310, time remaining: 3m 55s
Rendered 724/1310, time remaining: 3m 54s
Rendered 725/1310, time remaining: 3m 54s
Rendered 726/1310, time remaining: 3m 54s
Rendered 727/1310, time remaining: 3m 52s
Rendered 728/1310, time remaining: 3m 52s
Rendered 729/1310, time remaining: 3m 53s
Rendered 730/1310, time remaining: 3m 52s
Rendered 731/1310, time remaining: 3m 51s
Rendered 732/1310, time remaining: 3m 51s
Rendered 733/1310, time remaining: 3m 50s
Rendered 734/1310, time remaining: 3m 51s
Rendered 735/1310, time remaining: 3m 49s
Rendered 736/1310, time remaining: 3m 49s
Rendered 737/1310, time remaining: 3m 48s
Rendered 738/1310, time remaining: 3m 49s
Rendered 739/1310, time remaining: 3m 49s
Rendered 740/1310, time remaining: 3m 48s
Rendered 741/1310, time remaining: 3m 46s
Rendered 742/1310, time remaining: 3m 47s
Rendered 743/1310, time remaining: 3m 45s
Rendered 744/1310, time remaining: 3m 47s
Rendered 745/1310, time remaining: 3m 44s
Rendered 746/1310, time remaining: 3m 47s
Rendered 747/1310, time remaining: 3m 45s
Rendered 748/1310, time remaining: 3m 45s
Rendered 749/1310, time remaining: 3m 45s
Rendered 750/1310, time remaining: 3m 43s
Rendered 751/1310, time remaining: 3m 44s
Rendered 752/1310, time remaining: 3m 43s
Rendered 753/1310, time remaining: 3m 43s
Rendered 754/1310, time remaining: 3m 43s
Rendered 755/1310, time remaining: 3m 43s
Rendered 756/1310, time remaining: 3m 42s
Rendered 757/1310, time remaining: 3m 42s
Rendered 758/1310, time remaining: 3m 42s
Rendered 759/1310, time remaining: 3m 41s
Rendered 760/1310, time remaining: 3m 39s
Rendered 761/1310, time remaining: 3m 40s
Rendered 762/1310, time remaining: 3m 40s
Rendered 763/1310, time remaining: 3m 39s
Rendered 764/1310, time remaining: 3m 40s
Rendered 765/1310, time remaining: 3m 39s
Rendered 766/1310, time remaining: 3m 41s
Rendered 767/1310, time remaining: 3m 41s
Rendered 768/1310, time remaining: 3m 40s
Rendered 769/1310, time remaining: 3m 40s
Rendered 770/1310, time remaining: 3m 38s
Rendered 771/1310, time remaining: 3m 38s
Rendered 772/1310, time remaining: 3m 36s
Rendered 773/1310, time remaining: 3m 38s
Rendered 774/1310, time remaining: 3m 36s
Rendered 775/1310, time remaining: 3m 35s
Rendered 776/1310, time remaining: 3m 35s
Rendered 777/1310, time remaining: 3m 35s
Rendered 778/1310, time remaining: 3m 34s
Rendered 779/1310, time remaining: 3m 34s
Rendered 780/1310, time remaining: 3m 33s
Rendered 781/1310, time remaining: 3m 33s
Rendered 782/1310, time remaining: 3m 33s
Rendered 783/1310, time remaining: 3m 31s
Rendered 784/1310, time remaining: 3m 31s
Rendered 785/1310, time remaining: 3m 32s
Rendered 786/1310, time remaining: 3m 31s
Rendered 787/1310, time remaining: 3m 29s
Rendered 788/1310, time remaining: 3m 30s
Rendered 789/1310, time remaining: 3m 27s
Rendered 790/1310, time remaining: 3m 29s
Rendered 791/1310, time remaining: 3m 27s
Rendered 792/1310, time remaining: 3m 27s
Rendered 793/1310, time remaining: 3m 28s
Rendered 794/1310, time remaining: 3m 26s
Rendered 795/1310, time remaining: 3m 27s
Rendered 796/1310, time remaining: 3m 24s
Rendered 797/1310, time remaining: 3m 25s
Rendered 798/1310, time remaining: 3m 23s
Rendered 799/1310, time remaining: 3m 24s
Rendered 800/1310, time remaining: 3m 24s
Rendered 801/1310, time remaining: 3m 23s
Rendered 802/1310, time remaining: 3m 24s
Rendered 803/1310, time remaining: 3m 22s
Rendered 804/1310, time remaining: 3m 22s
Rendered 805/1310, time remaining: 3m 20s
Rendered 806/1310, time remaining: 3m 22s
Rendered 807/1310, time remaining: 3m 21s
Rendered 808/1310, time remaining: 3m 22s
Rendered 809/1310, time remaining: 3m 21s
Rendered 810/1310, time remaining: 3m 20s
Rendered 811/1310, time remaining: 3m 22s
Rendered 812/1310, time remaining: 3m 20s
Rendered 813/1310, time remaining: 3m 21s
Rendered 814/1310, time remaining: 3m 19s
Rendered 815/1310, time remaining: 3m 20s
Rendered 816/1310, time remaining: 3m 19s
Rendered 817/1310, time remaining: 3m 21s
Rendered 818/1310, time remaining: 3m 20s
Rendered 819/1310, time remaining: 3m 20s
Rendered 820/1310, time remaining: 3m 20s
Rendered 821/1310, time remaining: 3m 20s
Rendered 822/1310, time remaining: 3m 19s
Rendered 823/1310, time remaining: 3m 19s
Rendered 824/1310, time remaining: 3m 17s
Rendered 825/1310, time remaining: 3m 19s
Rendered 826/1310, time remaining: 3m 19s
Rendered 827/1310, time remaining: 3m 16s
Rendered 828/1310, time remaining: 3m 17s
Rendered 829/1310, time remaining: 3m 16s
Rendered 830/1310, time remaining: 3m 17s
Rendered 831/1310, time remaining: 3m 16s
